This is pdfTeX, Version 3.14159265-2.6-1.40.20 (TeX Live 2019) (preloaded format=pdflatex 2019.5.8)  7 JUN 2021 08:54
entering extended mode
 restricted \write18 enabled.
 %&-line parsing enabled.
**cv_2.tex test.pdf
(./Resume/cv_2.tex
LaTeX2e <2018-12-01>

! LaTeX Error: File `res.cls' not found.

Type X to quit or <RETURN> to proceed,
or enter new name. (Default extension: cls)

Enter file name: x

 )
(\end occurred when \ifx on line 47 was incomplete)
(\end occurred when \ifx on line 47 was incomplete) 
Here is how much of TeX's memory you used:
 11 strings out of 492616
 177 string characters out of 6129482
 57124 words of memory out of 5000000
 4028 multiletter control sequences out of 15000+600000
 3640 words of font info for 14 fonts, out of 8000000 for 9000
 1141 hyphenation exceptions out of 8191
 10i,0n,8p,100b,8s stack positions out of 5000i,500n,10000p,200000b,80000s

No pages of output.
PDF statistics:
 0 PDF objects out of 1000 (max. 8388607)
 0 named destinations out of 1000 (max. 500000)
 1 words of extra memory for PDF output out of 10000 (max. 10000000)

